<?xml version="1.0" encoding="UTF-8"?>
<testng-results skipped="0" failed="0" total="1" passed="1">
  <reporter-output>
  </reporter-output>
  <suite name="Suite" duration-ms="1378" started-at="2018-07-05T10:59:55Z" finished-at="2018-07-05T10:59:57Z">
    <groups>
    </groups>
    <test name="Test" duration-ms="1378" started-at="2018-07-05T10:59:55Z" finished-at="2018-07-05T10:59:57Z">
      <class name="com.RestAssuredAutomation.test.CRUDoperations">
        <test-method status="PASS" signature="deleteTest()[pri:0, instance:com.RestAssuredAutomation.test.CRUDoperations@1810399e]" name="deleteTest" duration-ms="1356" started-at="2018-07-05T16:29:55Z" finished-at="2018-07-05T16:29:57Z">
          <reporter-output>
          </reporter-output>
        </test-method> <!-- deleteTest -->
      </class> <!-- com.RestAssuredAutomation.test.CRUDoperations -->
    </test> <!-- Test -->
  </suite> <!-- Suite -->
</testng-results>
